info it worked if it ends with ok
verbose cli [ 'node', '/usr/local/bin/npm', 'publish' ]
info using npm@1.1.21
info using node@v0.6.18
verbose config file /Users/kahlil/.npmrc
verbose config file /usr/local/etc/npmrc
verbose config file /usr/local/lib/node_modules/npm/npmrc
verbose publish [ '.' ]
verbose caching /Users/kahlil/Dropbox/_projects/grunt-compass/package.json
verbose loadDefaults grunt-compass@0.2.2
info prepublish grunt-compass@0.2.2
verbose cache add [ '.', null ]
silly cache add: name, spec, args [ undefined, '.', [ '.', null ] ]
verbose parsed url { pathname: '.', path: '.', href: '.' }
verbose caching package.json
verbose loadDefaults grunt-compass@0.2.2
verbose tar.pack [ '/var/folders/2z/_hqtl19x57b3wfhjm4js38fh0000gn/T/npm-1338729026862/1338729026862-0.5287259418983012/tmp.tgz',
verbose tar.pack   '.' ]
verbose tarball /var/folders/2z/_hqtl19x57b3wfhjm4js38fh0000gn/T/npm-1338729026862/1338729026862-0.5287259418983012/tmp.tgz
verbose folder .
verbose unpack /var/folders/2z/_hqtl19x57b3wfhjm4js38fh0000gn/T/npm-1338729026862/1338729026862-0.5287259418983012/tmp.tgz
silly gunzTarPerm modes [ '755', '644' ]
silly extracting entry package.json
silly extracting entry .npmignore
silly extracting entry README.md
silly extracting entry bin/grunt-compass
silly extracting entry LICENSE-MIT
silly extracting entry tasks/grunt-compass.js
verbose caching /var/folders/2z/_hqtl19x57b3wfhjm4js38fh0000gn/T/npm-1338729026862/1338729026862-0.5287259418983012/package/package.json
verbose loadDefaults grunt-compass@0.2.2
verbose from cache /var/folders/2z/_hqtl19x57b3wfhjm4js38fh0000gn/T/npm-1338729026862/1338729026862-0.5287259418983012/package/package.json
verbose tar.pack [ '/Users/kahlil/.npm/grunt-compass/0.2.2/package.tgz',
verbose tar.pack   '/var/folders/2z/_hqtl19x57b3wfhjm4js38fh0000gn/T/npm-1338729026862/1338729026862-0.5287259418983012/package' ]
verbose tarball /Users/kahlil/.npm/grunt-compass/0.2.2/package.tgz
verbose folder /var/folders/2z/_hqtl19x57b3wfhjm4js38fh0000gn/T/npm-1338729026862/1338729026862-0.5287259418983012/package
verbose unpack /Users/kahlil/.npm/grunt-compass/0.2.2/package.tgz
silly gunzTarPerm modes [ '755', '644' ]
silly extracting entry package.json
silly extracting entry .npmignore
silly extracting entry README.md
silly extracting entry bin/grunt-compass
silly extracting entry LICENSE-MIT
silly extracting entry tasks/grunt-compass.js
verbose caching /Users/kahlil/.npm/grunt-compass/0.2.2/package/package.json
verbose loadDefaults grunt-compass@0.2.2
silly updated sha bytes 2253
info shasum 3d91623d663289f76a4b59c3ba883f74ddf34409
info shasum /Users/kahlil/.npm/grunt-compass/0.2.2/package.tgz
verbose from cache /Users/kahlil/.npm/grunt-compass/0.2.2/package/package.json
verbose chmod /Users/kahlil/.npm/grunt-compass/0.2.2/package.tgz 644
verbose chown [ '/Users/kahlil/.npm/grunt-compass/0.2.2/package.tgz', 501, 20 ]
silly publish { name: 'grunt-compass',
silly publish   description: 'A custom grunt.js task that executes compass compile for you and prints the COMPASS output to grunt.log.write().',
silly publish   version: '0.2.2',
silly publish   homepage: 'https://github.com/kahlil/grunt-compass',
silly publish   author: 
silly publish    { name: 'Kahlil Lechelt',
silly publish      email: 'kahlil@kahlil.co',
silly publish      url: 'http://kahlil.co' },
silly publish   repository: 
silly publish    { type: 'git',
silly publish      url: 'git://github.com/kahlil/grunt-compass.git' },
silly publish   bugs: { url: 'https://github.com/kahlil/grunt-compass/issues' },
silly publish   licenses: 
silly publish    [ { type: 'MIT',
silly publish        url: 'https://github.com/kahlil/grunt-compass/blob/master/LICENSE-MIT' } ],
silly publish   main: 'grunt.js',
silly publish   bin: { 'grunt-compass': 'bin/grunt-compass' },
silly publish   engines: { node: '*' },
silly publish   dependencies: { grunt: '>=0.3.7' },
silly publish   devDependencies: { grunt: '>=0.3.7' },
silly publish   keywords: [ 'grunt.js', 'sass', 'compass' ],
silly publish   _npmUser: { name: 'kahlil', email: 'kahlil@kahlil.co' },
silly publish   _id: 'grunt-compass@0.2.2',
silly publish   optionalDependencies: {},
silly publish   _engineSupported: true,
silly publish   _npmVersion: '1.1.21',
silly publish   _nodeVersion: 'v0.6.18',
silly publish   _defaultsLoaded: true,
silly publish   dist: 
silly publish    { shasum: '3d91623d663289f76a4b59c3ba883f74ddf34409',
silly publish      tarball: 'http://registry.npmjs.org/grunt-compass/-/grunt-compass-0.2.2.tgz' } }
verbose raw, before any munging grunt-compass
verbose url resolving [ 'https://registry.npmjs.org/', './grunt-compass' ]
verbose url resolved https://registry.npmjs.org/grunt-compass
http PUT https://registry.npmjs.org/grunt-compass
http 409 https://registry.npmjs.org/grunt-compass
verbose raw, before any munging grunt-compass
verbose url resolving [ 'https://registry.npmjs.org/', './grunt-compass' ]
verbose url resolved https://registry.npmjs.org/grunt-compass
http GET https://registry.npmjs.org/grunt-compass
http 200 https://registry.npmjs.org/grunt-compass
info Already published grunt-compass@0.2.2
verbose uploading bin dists []
ERR! publish fail Cannot publish over existing version.
ERR! publish fail Bump the 'version' field, set the --force flag, or
ERR! publish fail     npm unpublish 'grunt-compass@0.2.2'
ERR! publish fail and try again
ERR! 
ERR! System Darwin 11.4.0
ERR! command "node" "/usr/local/bin/npm" "publish"
ERR! cwd /Users/kahlil/Dropbox/_projects/grunt-compass
ERR! node -v v0.6.18
ERR! npm -v 1.1.21
ERR! code EPUBLISHCONFLICT
ERR! message publish fail
ERR! errno {}
verbose exit [ 1, true ]
